<?xml version="1.0" encoding="UTF-8"?>
<Site BuildName="(empty)"
	BuildStamp="20231105-0441-Experimental"
	Name="(empty)"
	Generator="ctest-3.22.1"
	CompilerName=""
	CompilerVersion=""
	OSName="Linux"
	Hostname="DESKTOP-UE6OF0J"
	OSRelease="5.15.90.1-microsoft-standard-WSL2"
	OSVersion="#1 SMP Fri Jan 27 02:56:13 UTC 2023"
	OSPlatform="x86_64"
	Is64Bits="1"
	VendorString="AuthenticAMD"
	VendorID="Advanced Micro Devices"
	FamilyID="25"
	ModelID="97"
	ProcessorCacheSize="1024"
	NumberOfLogicalCPU="24"
	NumberOfPhysicalCPU="12"
	TotalVirtualMemory="8192"
	TotalPhysicalMemory="31961"
	LogicalProcessorsPerPhysical="2"
	ProcessorClockFrequency="4391.72"
	>
	<Testing>
		<StartDateTime>Nov 05 00:57 PDT</StartDateTime>
		<StartTestTime>1699171029</StartTestTime>
		<TestList/>
		<EndDateTime>Nov 05 00:57 PDT</EndDateTime>
		<EndTestTime>1699171029</EndTestTime>
		<ElapsedMinutes>0</ElapsedMinutes>
	</Testing>
</Site>
